::1 - - [14/Jul/2016:12:02:22 -0700] "GET /iBeeHub HTTP/1.1" 301 317
::1 - - [14/Jul/2016:12:02:22 -0700] "GET /iBeeHub/ HTTP/1.1" 302 -
::1 - - [14/Jul/2016:12:02:22 -0700] "GET /iBeeHub/wp-admin/setup-config.php HTTP/1.1" 200 2466
::1 - - [14/Jul/2016:12:02:22 -0700] "GET /iBeeHub/wp-includes/css/buttons.min.css?ver=4.5.3 HTTP/1.1" 200 6361
::1 - - [14/Jul/2016:12:02:22 -0700] "GET /iBeeHub/wp-admin/css/install.min.css?ver=4.5.3 HTTP/1.1" 200 5806
::1 - - [14/Jul/2016:12:02:22 -0700] "GET /iBeeHub/wp-admin/js/language-chooser.min.js?ver=4.5.3 HTTP/1.1" 200 374
::1 - - [14/Jul/2016:12:02:22 -0700] "GET /iBeeHub/wp-includes/js/jquery/jquery.js?ver=1.12.4 HTTP/1.1" 200 97184
::1 - - [14/Jul/2016:12:02:22 -0700] "GET /iBeeHub/wp-includes/js/jquery/jquery-migrate.min.js?ver=1.4.1 HTTP/1.1" 200 10056
::1 - - [14/Jul/2016:12:02:23 -0700] "GET /iBeeHub/wp-admin/images/wordpress-logo.svg?ver=20131107 HTTP/1.1" 200 1521
::1 - - [14/Jul/2016:12:02:23 -0700] "GET /favicon.ico HTTP/1.1" 200 202575
::1 - - [14/Jul/2016:12:02:46 -0700] "GET /phpmyadmin/ HTTP/1.1" 200 48215
::1 - - [14/Jul/2016:12:02:47 -0700] "GET /phpmyadmin/themes/pmahomme/jquery/jquery-ui-1.9.2.custom.css HTTP/1.1" 200 32278
::1 - - [14/Jul/2016:12:02:47 -0700] "GET /phpmyadmin/themes/pmahomme/img/logo_left.png HTTP/1.1" 200 2327
::1 - - [14/Jul/2016:12:02:47 -0700] "GET /phpmyadmin/themes/dot.gif HTTP/1.1" 200 43
::1 - - [14/Jul/2016:12:02:47 -0700] "GET /phpmyadmin/themes/pmahomme/img/ajax_clock_small.gif HTTP/1.1" 200 1810
::1 - - [14/Jul/2016:12:02:47 -0700] "GET /phpmyadmin/js/get_scripts.js.php?lang=zh_CN&collation_connection=utf8mb4_general_ci&token=49e913d824c4efa63295dfefb47f70f5&scripts[]=jquery/jquery-1.8.3.min.js&scripts[]=ajax.js&scripts[]=keyhandler.js&scripts[]=jquery/jquery-ui-1.9.2.custom.min.js&scripts[]=jquery/jquery.sprintf.js&scripts[]=jquery/jquery.cookie.js&scripts[]=jquery/jquery.mousewheel.js&scripts[]=jquery/jquery.event.drag-2.2.js&scripts[]=jquery/jquery-ui-timepicker-addon.js&scripts[]=jquery/jquery.ba-hashchange-1.3.js&scripts[]=jquery/jquery.debounce-1.0.5.js&scripts[]=jquery/jquery.menuResizer-1.0.js&scripts[]=cross_framing_protection.js&scripts[]=rte.js&scripts[]=tracekit/tracekit.js&scripts[]=error_report.js&scripts[]=doclinks.js&scripts[]=functions.js&scripts[]=navigation.js&scripts[]=indexes.js&scripts[]=common.js&scripts[]=codemirror/lib/codemirror.js&scripts[]=codemirror/mode/sql/sql.js&scripts[]=codemirror/addon/runmode/runmode.js HTTP/1.1" 200 1039434
::1 - - [14/Jul/2016:12:02:47 -0700] "GET /phpmyadmin/phpmyadmin.css.php?server=1&lang=zh_CN&collation_connection=utf8mb4_general_ci&token=49e913d824c4efa63295dfefb47f70f5&nocache=5734964935ltr HTTP/1.1" 200 93053
::1 - - [14/Jul/2016:12:02:47 -0700] "GET /phpmyadmin/js/get_image.js.php?theme=pmahomme HTTP/1.1" 200 6388
::1 - - [14/Jul/2016:12:02:47 -0700] "GET /phpmyadmin/themes/pmahomme/img/left_nav_bg.png HTTP/1.1" 200 297
::1 - - [14/Jul/2016:12:02:47 -0700] "GET /phpmyadmin/themes/pmahomme/img/sprites.png HTTP/1.1" 200 41626
::1 - - [14/Jul/2016:12:02:47 -0700] "GET /phpmyadmin/js/messages.php?lang=zh_CN&db=&collation_connection=utf8mb4_general_ci&token=49e913d824c4efa63295dfefb47f70f5 HTTP/1.1" 200 16518
::1 - - [14/Jul/2016:12:02:47 -0700] "GET /phpmyadmin/favicon.ico HTTP/1.1" 200 18902
::1 - - [14/Jul/2016:12:02:48 -0700] "GET /phpmyadmin/ HTTP/1.1" 200 47560
::1 - - [14/Jul/2016:12:02:48 -0700] "GET /phpmyadmin/themes/pmahomme/jquery/jquery-ui-1.9.2.custom.css HTTP/1.1" 200 32278
::1 - - [14/Jul/2016:12:02:48 -0700] "GET /phpmyadmin/themes/dot.gif HTTP/1.1" 200 43
::1 - - [14/Jul/2016:12:02:48 -0700] "GET /phpmyadmin/themes/pmahomme/img/ajax_clock_small.gif HTTP/1.1" 200 1810
::1 - - [14/Jul/2016:12:02:48 -0700] "GET /phpmyadmin/themes/pmahomme/img/logo_left.png HTTP/1.1" 200 2327
::1 - - [14/Jul/2016:12:02:48 -0700] "GET /phpmyadmin/js/get_scripts.js.php?lang=en&collation_connection=utf8mb4_general_ci&token=2e2082c0ae5b2af2215dd05160d99bbe&scripts[]=jquery/jquery-1.8.3.min.js&scripts[]=ajax.js&scripts[]=keyhandler.js&scripts[]=jquery/jquery-ui-1.9.2.custom.min.js&scripts[]=jquery/jquery.sprintf.js&scripts[]=jquery/jquery.cookie.js&scripts[]=jquery/jquery.mousewheel.js&scripts[]=jquery/jquery.event.drag-2.2.js&scripts[]=jquery/jquery-ui-timepicker-addon.js&scripts[]=jquery/jquery.ba-hashchange-1.3.js&scripts[]=jquery/jquery.debounce-1.0.5.js&scripts[]=jquery/jquery.menuResizer-1.0.js&scripts[]=cross_framing_protection.js&scripts[]=rte.js&scripts[]=tracekit/tracekit.js&scripts[]=error_report.js&scripts[]=doclinks.js&scripts[]=functions.js&scripts[]=navigation.js&scripts[]=indexes.js&scripts[]=common.js&scripts[]=codemirror/lib/codemirror.js&scripts[]=codemirror/mode/sql/sql.js&scripts[]=codemirror/addon/runmode/runmode.js HTTP/1.1" 200 1039434
::1 - - [14/Jul/2016:12:02:48 -0700] "GET /phpmyadmin/phpmyadmin.css.php?server=1&lang=en&collation_connection=utf8mb4_general_ci&token=2e2082c0ae5b2af2215dd05160d99bbe&nocache=5734964936ltr HTTP/1.1" 200 93053
::1 - - [14/Jul/2016:12:02:48 -0700] "GET /phpmyadmin/js/get_image.js.php?theme=pmahomme HTTP/1.1" 200 6388
::1 - - [14/Jul/2016:12:02:48 -0700] "GET /phpmyadmin/js/messages.php?lang=en&db=&collation_connection=utf8mb4_general_ci&token=2e2082c0ae5b2af2215dd05160d99bbe HTTP/1.1" 200 17755
::1 - - [14/Jul/2016:12:02:49 -0700] "GET /phpmyadmin/themes/pmahomme/img/left_nav_bg.png HTTP/1.1" 200 297
::1 - - [14/Jul/2016:12:02:49 -0700] "GET /phpmyadmin/themes/pmahomme/img/sprites.png HTTP/1.1" 200 41626
::1 - - [14/Jul/2016:12:02:49 -0700] "GET /phpmyadmin/version_check.php?&_nocache=1468522969686549683 HTTP/1.1" 200 39
::1 - - [14/Jul/2016:12:03:59 -0700] "GET /phpmyadmin/ HTTP/1.1" 200 45330
::1 - - [14/Jul/2016:12:03:59 -0700] "GET /phpmyadmin/js/get_scripts.js.php?token=2e2082c0ae5b2af2215dd05160d99bbe&scripts[]=jquery/jquery-1.8.3.min.js&scripts[]=ajax.js&scripts[]=keyhandler.js&scripts[]=jquery/jquery-ui-1.9.2.custom.min.js&scripts[]=jquery/jquery.sprintf.js&scripts[]=jquery/jquery.cookie.js&scripts[]=jquery/jquery.mousewheel.js&scripts[]=jquery/jquery.event.drag-2.2.js&scripts[]=jquery/jquery-ui-timepicker-addon.js&scripts[]=jquery/jquery.ba-hashchange-1.3.js&scripts[]=jquery/jquery.debounce-1.0.5.js&scripts[]=jquery/jquery.menuResizer-1.0.js&scripts[]=cross_framing_protection.js&scripts[]=rte.js&scripts[]=tracekit/tracekit.js&scripts[]=error_report.js&scripts[]=doclinks.js&scripts[]=functions.js&scripts[]=navigation.js&scripts[]=indexes.js&scripts[]=common.js&scripts[]=codemirror/lib/codemirror.js&scripts[]=codemirror/mode/sql/sql.js&scripts[]=codemirror/addon/runmode/runmode.js HTTP/1.1" 200 1039434
::1 - - [14/Jul/2016:12:03:59 -0700] "GET /phpmyadmin/phpmyadmin.css.php?server=1&token=2e2082c0ae5b2af2215dd05160d99bbe&nocache=5734964936ltr HTTP/1.1" 200 93053
::1 - - [14/Jul/2016:12:03:59 -0700] "GET /phpmyadmin/js/messages.php?lang=en&db=&token=2e2082c0ae5b2af2215dd05160d99bbe HTTP/1.1" 200 17755
::1 - - [14/Jul/2016:12:03:59 -0700] "GET /phpmyadmin/version_check.php?&_nocache=1468523039976662857 HTTP/1.1" 200 39
::1 - - [14/Jul/2016:12:04:02 -0700] "GET /phpmyadmin/server_databases.php?server=1&token=2e2082c0ae5b2af2215dd05160d99bbe&ajax_request=true&ajax_page_request=true&menuHashes=06f6ed3c&_nocache=146852304267096495 HTTP/1.1" 200 36399
::1 - - [14/Jul/2016:12:04:02 -0700] "GET /phpmyadmin/themes/pmahomme/img/arrow_ltr.png HTTP/1.1" 200 139
::1 - - [14/Jul/2016:12:04:02 -0700] "GET /phpmyadmin/js/get_scripts.js.php?scripts[]=server_databases.js&token=2e2082c0ae5b2af2215dd05160d99bbe&call_done=1 HTTP/1.1" 200 4719
::1 - - [14/Jul/2016:12:04:59 -0700] "-" 408 -
::1 - - [14/Jul/2016:12:04:59 -0700] "-" 408 -
::1 - - [14/Jul/2016:12:04:59 -0700] "-" 408 -
::1 - - [14/Jul/2016:12:05:42 -0700] "GET / HTTP/1.1" 200 4827
::1 - - [14/Jul/2016:12:05:42 -0700] "GET /index.php?img=gifLogo HTTP/1.1" 200 4549
::1 - - [14/Jul/2016:12:05:42 -0700] "GET /index.php?img=pngPlugin HTTP/1.1" 200 548
::1 - - [14/Jul/2016:12:05:42 -0700] "GET /index.php?img=pngWrench HTTP/1.1" 200 741
::1 - - [14/Jul/2016:12:05:42 -0700] "GET /index.php?img=pngFolder HTTP/1.1" 200 850
::1 - - [14/Jul/2016:12:05:42 -0700] "GET /index.php?img=pngFolderGo HTTP/1.1" 200 694
::1 - - [14/Jul/2016:12:05:42 -0700] "GET /index.php?img=favicon HTTP/1.1" 200 1429
::1 - - [14/Jul/2016:12:05:42 -0700] "GET /index.php?img=favicon HTTP/1.1" 200 1429
::1 - - [14/Jul/2016:12:06:31 -0700] "GET /iBeeHub/wp-admin/setup-config.php?step=1&language=zh_CN HTTP/1.1" 200 2909
::1 - - [14/Jul/2016:12:06:45 -0700] "GET /phpmyadmin/server_sql.php?db=&token=2e2082c0ae5b2af2215dd05160d99bbe&ajax_request=true&ajax_page_request=true&menuHashes=06f6ed3c-b204b4bf&_nocache=146852320570887655 HTTP/1.1" 200 6739
::1 - - [14/Jul/2016:12:06:45 -0700] "GET /phpmyadmin/js/get_scripts.js.php?scripts[]=makegrid.js&scripts[]=sql.js&token=2e2082c0ae5b2af2215dd05160d99bbe&call_done=1 HTTP/1.1" 200 100312
::1 - - [14/Jul/2016:12:06:47 -0700] "GET /phpmyadmin/server_databases.php?db=&token=2e2082c0ae5b2af2215dd05160d99bbe&ajax_request=true&ajax_page_request=true&menuHashes=06f6ed3c-b204b4bf-88a4b117&_nocache=1468523207060373988 HTTP/1.1" 200 33608
::1 - - [14/Jul/2016:12:06:56 -0700] "POST /phpmyadmin/db_create.php HTTP/1.1" 200 2036
::1 - - [14/Jul/2016:12:06:56 -0700] "POST /phpmyadmin/navigation.php?ajax_request=1&token=2e2082c0ae5b2af2215dd05160d99bbe HTTP/1.1" 200 4025
::1 - - [14/Jul/2016:12:06:58 -0700] "GET /phpmyadmin/db_structure.php?server=1&db=ibeehub&token=2e2082c0ae5b2af2215dd05160d99bbe&ajax_request=true&ajax_page_request=true&menuHashes=06f6ed3c-b204b4bf-88a4b117&_nocache=1468523218424335746 HTTP/1.1" 200 5622
::1 - - [14/Jul/2016:12:06:58 -0700] "GET /phpmyadmin/js/get_scripts.js.php?scripts[]=db_structure.js&scripts[]=tbl_change.js&token=2e2082c0ae5b2af2215dd05160d99bbe&call_done=1 HTTP/1.1" 200 36139
::1 - - [14/Jul/2016:12:06:58 -0700] "GET /phpmyadmin/navigation.php?ajax_request=1&token=2e2082c0ae5b2af2215dd05160d99bbe&aPath=cm9vdA%3D%3D.aWJlZWh1Yg%3D%3D&vPath=cm9vdA%3D%3D.aWJlZWh1Yg%3D%3D&pos=0&pos2_name=&pos2_value=&searchClause=&searchClause2=&_nocache=1468523218594675577 HTTP/1.1" 200 97
::1 - - [14/Jul/2016:12:07:05 -0700] "GET /phpmyadmin/db_structure.php?server=1&db=ibeehub&token=2e2082c0ae5b2af2215dd05160d99bbe&ajax_request=true&ajax_page_request=true&menuHashes=06f6ed3c-b204b4bf-88a4b117-a892d492&_nocache=1468523225674434973 HTTP/1.1" 200 2534
::1 - - [14/Jul/2016:12:07:07 -0700] "GET /phpmyadmin/db_operations.php?db=ibeehub&token=2e2082c0ae5b2af2215dd05160d99bbe&ajax_request=true&ajax_page_request=true&menuHashes=06f6ed3c-b204b4bf-88a4b117-a892d492&_nocache=1468523227419136595 HTTP/1.1" 200 35013
::1 - - [14/Jul/2016:12:07:07 -0700] "GET /phpmyadmin/js/get_scripts.js.php?scripts[]=db_operations.js&token=2e2082c0ae5b2af2215dd05160d99bbe&call_done=1 HTTP/1.1" 200 4334
::1 - - [14/Jul/2016:12:07:10 -0700] "GET /phpmyadmin/server_privileges.php?db=ibeehub&token=2e2082c0ae5b2af2215dd05160d99bbe&checkprivsdb=ibeehub&viewing_mode=db&ajax_request=true&ajax_page_request=true&menuHashes=06f6ed3c-b204b4bf-88a4b117-a892d492-9f43aa3c&_nocache=1468523230732283077 HTTP/1.1" 200 7445
::1 - - [14/Jul/2016:12:07:10 -0700] "GET /phpmyadmin/js/get_scripts.js.php?scripts[]=server_privileges.js&token=2e2082c0ae5b2af2215dd05160d99bbe&call_done=1 HTTP/1.1" 200 26581
::1 - - [14/Jul/2016:12:07:12 -0700] "GET /phpmyadmin/db_routines.php?db=ibeehub&token=2e2082c0ae5b2af2215dd05160d99bbe&ajax_request=true&ajax_page_request=true&menuHashes=06f6ed3c-b204b4bf-88a4b117-a892d492-9f43aa3c-33a02c43&_nocache=1468523232146410302 HTTP/1.1" 200 6579
::1 - - [14/Jul/2016:12:07:12 -0700] "GET /phpmyadmin/db_events.php?db=ibeehub&token=2e2082c0ae5b2af2215dd05160d99bbe&ajax_request=true&ajax_page_request=true&menuHashes=06f6ed3c-b204b4bf-88a4b117-a892d492-9f43aa3c-33a02c43-069914bc&_nocache=1468523232885253505 HTTP/1.1" 200 8093
::1 - - [14/Jul/2016:12:07:12 -0700] "GET /phpmyadmin/themes/pmahomme/img/toggle-ltr.png HTTP/1.1" 200 414
::1 - - [14/Jul/2016:12:07:13 -0700] "GET /phpmyadmin/db_triggers.php?db=ibeehub&token=2e2082c0ae5b2af2215dd05160d99bbe&ajax_request=true&ajax_page_request=true&menuHashes=b204b4bf-88a4b117-a892d492-9f43aa3c-33a02c43-069914bc-314a03d1&_nocache=1468523233482585123 HTTP/1.1" 200 6583
::1 - - [14/Jul/2016:12:07:14 -0700] "GET /phpmyadmin/db_sql.php?db=ibeehub&token=2e2082c0ae5b2af2215dd05160d99bbe&ajax_request=true&ajax_page_request=true&menuHashes=88a4b117-a892d492-9f43aa3c-33a02c43-069914bc-314a03d1-a04e2545&_nocache=1468523234721418307 HTTP/1.1" 200 7187
::1 - - [14/Jul/2016:12:07:15 -0700] "GET /phpmyadmin/db_search.php?db=ibeehub&token=2e2082c0ae5b2af2215dd05160d99bbe&ajax_request=true&ajax_page_request=true&menuHashes=a892d492-9f43aa3c-33a02c43-069914bc-314a03d1-a04e2545-4b3f2fc5&_nocache=1468523235640528190 HTTP/1.1" 200 8205
::1 - - [14/Jul/2016:12:07:15 -0700] "GET /phpmyadmin/js/get_scripts.js.php?scripts[]=db_search.js&token=2e2082c0ae5b2af2215dd05160d99bbe&call_done=1 HTTP/1.1" 200 8003
::1 - - [14/Jul/2016:12:07:16 -0700] "GET /phpmyadmin/db_qbe.php?db=ibeehub&token=2e2082c0ae5b2af2215dd05160d99bbe&ajax_request=true&ajax_page_request=true&menuHashes=9f43aa3c-33a02c43-069914bc-314a03d1-a04e2545-4b3f2fc5-bcfe724a&_nocache=1468523236736709005 HTTP/1.1" 200 4917
::1 - - [14/Jul/2016:12:07:17 -0700] "GET /phpmyadmin/db_export.php?db=ibeehub&token=2e2082c0ae5b2af2215dd05160d99bbe&ajax_request=true&ajax_page_request=true&menuHashes=33a02c43-069914bc-314a03d1-a04e2545-4b3f2fc5-bcfe724a-e44930d3&_nocache=1468523237441123386 HTTP/1.1" 200 4950
::1 - - [14/Jul/2016:12:07:17 -0700] "GET /phpmyadmin/js/get_scripts.js.php?scripts[]=export.js&token=2e2082c0ae5b2af2215dd05160d99bbe&call_done=1 HTTP/1.1" 200 10538
::1 - - [14/Jul/2016:12:07:18 -0700] "GET /phpmyadmin/db_import.php?db=ibeehub&token=2e2082c0ae5b2af2215dd05160d99bbe&ajax_request=true&ajax_page_request=true&menuHashes=069914bc-314a03d1-a04e2545-4b3f2fc5-bcfe724a-e44930d3-a05a954d&_nocache=1468523238341394719 HTTP/1.1" 200 15352
::1 - - [14/Jul/2016:12:07:18 -0700] "GET /phpmyadmin/js/get_scripts.js.php?scripts[]=import.js&token=2e2082c0ae5b2af2215dd05160d99bbe&call_done=1 HTTP/1.1" 200 3920
::1 - - [14/Jul/2016:12:07:19 -0700] "GET /phpmyadmin/db_operations.php?db=ibeehub&token=2e2082c0ae5b2af2215dd05160d99bbe&ajax_request=true&ajax_page_request=true&menuHashes=314a03d1-a04e2545-4b3f2fc5-bcfe724a-e44930d3-a05a954d-b396dd87&_nocache=1468523239405552847 HTTP/1.1" 200 35013
::1 - - [14/Jul/2016:12:07:21 -0700] "GET /phpmyadmin/server_privileges.php?db=ibeehub&token=2e2082c0ae5b2af2215dd05160d99bbe&checkprivsdb=ibeehub&viewing_mode=db&ajax_request=true&ajax_page_request=true&menuHashes=9f43aa3c-a04e2545-4b3f2fc5-bcfe724a-e44930d3-a05a954d-b396dd87&_nocache=1468523241059757403 HTTP/1.1" 200 7445
::1 - - [14/Jul/2016:12:07:22 -0700] "GET /phpmyadmin/db_structure.php?db=ibeehub&token=2e2082c0ae5b2af2215dd05160d99bbe&ajax_request=true&ajax_page_request=true&menuHashes=9f43aa3c-33a02c43-4b3f2fc5-bcfe724a-e44930d3-a05a954d-b396dd87&_nocache=146852324204810272 HTTP/1.1" 200 5620
::1 - - [14/Jul/2016:12:07:51 -0700] "GET /phpmyadmin/index.php?db=&table=&lang=en&collation_connection=utf8mb4_general_ci&token=2e2082c0ae5b2af2215dd05160d99bbe&lang=zh_CN HTTP/1.1" 200 46539
::1 - - [14/Jul/2016:12:07:52 -0700] "GET /phpmyadmin/phpmyadmin.css.php?server=1&token=2e2082c0ae5b2af2215dd05160d99bbe&nocache=5734965007ltr HTTP/1.1" 200 93053
::1 - - [14/Jul/2016:12:07:52 -0700] "GET /phpmyadmin/js/messages.php?lang=zh_CN&db=&token=2e2082c0ae5b2af2215dd05160d99bbe HTTP/1.1" 200 17263
::1 - - [14/Jul/2016:12:07:52 -0700] "GET /phpmyadmin/version_check.php?&_nocache=1468523272526840465 HTTP/1.1" 200 39
::1 - - [14/Jul/2016:12:08:25 -0700] "GET /phpmyadmin/db_structure.php?server=1&db=ibeehub&token=2e2082c0ae5b2af2215dd05160d99bbe&ajax_request=true&ajax_page_request=true&menuHashes=28cc2b53&_nocache=1468523305730612062 HTTP/1.1" 200 5869
::1 - - [14/Jul/2016:12:08:25 -0700] "GET /phpmyadmin/navigation.php?ajax_request=1&token=2e2082c0ae5b2af2215dd05160d99bbe&aPath=cm9vdA%3D%3D.aWJlZWh1Yg%3D%3D&vPath=cm9vdA%3D%3D.aWJlZWh1Yg%3D%3D&pos=0&pos2_name=&pos2_value=&searchClause=&searchClause2=&_nocache=1468523305970217771 HTTP/1.1" 200 97
::1 - - [14/Jul/2016:12:08:27 -0700] "GET /phpmyadmin/db_sql.php?db=ibeehub&token=2e2082c0ae5b2af2215dd05160d99bbe&ajax_request=true&ajax_page_request=true&menuHashes=28cc2b53-7c772ac2&_nocache=1468523307224821775 HTTP/1.1" 200 7489
::1 - - [14/Jul/2016:12:08:28 -0700] "GET /phpmyadmin/db_search.php?db=ibeehub&token=2e2082c0ae5b2af2215dd05160d99bbe&ajax_request=true&ajax_page_request=true&menuHashes=28cc2b53-7c772ac2-294b129f&_nocache=1468523308076770065 HTTP/1.1" 200 8638
::1 - - [14/Jul/2016:12:08:29 -0700] "GET /phpmyadmin/db_qbe.php?db=ibeehub&token=2e2082c0ae5b2af2215dd05160d99bbe&ajax_request=true&ajax_page_request=true&menuHashes=28cc2b53-7c772ac2-294b129f-adfbec5b&_nocache=1468523309441277802 HTTP/1.1" 200 5127
::1 - - [14/Jul/2016:12:08:30 -0700] "GET /phpmyadmin/db_export.php?db=ibeehub&token=2e2082c0ae5b2af2215dd05160d99bbe&ajax_request=true&ajax_page_request=true&menuHashes=28cc2b53-7c772ac2-294b129f-adfbec5b-fd294dd6&_nocache=1468523310242950022 HTTP/1.1" 200 5160
::1 - - [14/Jul/2016:12:08:30 -0700] "GET /phpmyadmin/db_import.php?db=ibeehub&token=2e2082c0ae5b2af2215dd05160d99bbe&ajax_request=true&ajax_page_request=true&menuHashes=28cc2b53-7c772ac2-294b129f-adfbec5b-fd294dd6-6f05f8aa&_nocache=1468523310811328396 HTTP/1.1" 200 16396
::1 - - [14/Jul/2016:12:08:34 -0700] "GET /phpmyadmin/db_operations.php?db=ibeehub&token=2e2082c0ae5b2af2215dd05160d99bbe&ajax_request=true&ajax_page_request=true&menuHashes=28cc2b53-7c772ac2-294b129f-adfbec5b-fd294dd6-6f05f8aa-3eec1335&_nocache=146852331454619418 HTTP/1.1" 200 42056
::1 - - [14/Jul/2016:12:08:38 -0700] "GET /phpmyadmin/server_privileges.php?db=ibeehub&token=2e2082c0ae5b2af2215dd05160d99bbe&checkprivsdb=ibeehub&viewing_mode=db&ajax_request=true&ajax_page_request=true&menuHashes=7c772ac2-294b129f-adfbec5b-fd294dd6-6f05f8aa-3eec1335-c584132e&_nocache=1468523318429741992 HTTP/1.1" 200 7952
::1 - - [14/Jul/2016:12:08:46 -0700] "GET /phpmyadmin/server_privileges.php?username=root&hostname=localhost&dbname=&tablename=&token=2e2082c0ae5b2af2215dd05160d99bbe&ajax_request=true&edit_user_dialog=true&_nocache=1468523326810431250 HTTP/1.1" 200 23900
::1 - - [14/Jul/2016:12:09:38 -0700] "GET /phpmyadmin/server_privileges.php?ajax_request=true&token=2e2082c0ae5b2af2215dd05160d99bbe&validate_username=true&username=root&_nocache=1468523378462195477 HTTP/1.1" 200 218
::1 - - [14/Jul/2016:12:10:01 -0700] "GET /phpmyadmin/db_structure.php?server=1&db=ibeehub&token=2e2082c0ae5b2af2215dd05160d99bbe&ajax_request=true&ajax_page_request=true&menuHashes=294b129f-adfbec5b-fd294dd6-6f05f8aa-3eec1335-c584132e-509ab702&_nocache=1468523401308640770 HTTP/1.1" 200 5869
::1 - - [14/Jul/2016:12:10:23 -0700] "POST /iBeeHub/wp-admin/setup-config.php?step=2 HTTP/1.1" 500 4091
::1 - - [14/Jul/2016:12:10:35 -0700] "GET /phpmyadmin/index.php?db=&table=&lang=en&collation_connection=utf8mb4_general_ci&token=2e2082c0ae5b2af2215dd05160d99bbe&lang=zh_CN HTTP/1.1" 200 46539
::1 - - [14/Jul/2016:12:10:35 -0700] "GET /phpmyadmin/phpmyadmin.css.php?server=1&token=2e2082c0ae5b2af2215dd05160d99bbe&nocache=5734965240ltr HTTP/1.1" 200 93053
::1 - - [14/Jul/2016:12:10:35 -0700] "GET /phpmyadmin/themes/pmahomme/jquery/jquery-ui-1.9.2.custom.css HTTP/1.1" 304 -
::1 - - [14/Jul/2016:12:10:35 -0700] "GET /phpmyadmin/js/get_scripts.js.php?token=2e2082c0ae5b2af2215dd05160d99bbe&scripts[]=jquery/jquery-1.8.3.min.js&scripts[]=ajax.js&scripts[]=keyhandler.js&scripts[]=jquery/jquery-ui-1.9.2.custom.min.js&scripts[]=jquery/jquery.sprintf.js&scripts[]=jquery/jquery.cookie.js&scripts[]=jquery/jquery.mousewheel.js&scripts[]=jquery/jquery.event.drag-2.2.js&scripts[]=jquery/jquery-ui-timepicker-addon.js&scripts[]=jquery/jquery.ba-hashchange-1.3.js&scripts[]=jquery/jquery.debounce-1.0.5.js&scripts[]=jquery/jquery.menuResizer-1.0.js&scripts[]=cross_framing_protection.js&scripts[]=rte.js&scripts[]=tracekit/tracekit.js&scripts[]=error_report.js&scripts[]=doclinks.js&scripts[]=functions.js&scripts[]=navigation.js&scripts[]=indexes.js&scripts[]=common.js&scripts[]=codemirror/lib/codemirror.js&scripts[]=codemirror/mode/sql/sql.js&scripts[]=codemirror/addon/runmode/runmode.js HTTP/1.1" 200 1039434
::1 - - [14/Jul/2016:12:10:35 -0700] "GET /phpmyadmin/db_structure.php?db=ibeehub&table=&server=1&target=&token=2e2082c0ae5b2af2215dd05160d99bbe HTTP/1.1" 200 15410
::1 - - [14/Jul/2016:12:10:35 -0700] "GET /phpmyadmin/js/get_scripts.js.php?token=2e2082c0ae5b2af2215dd05160d99bbe&scripts[]=jquery/jquery-1.8.3.min.js&scripts[]=ajax.js&scripts[]=keyhandler.js&scripts[]=jquery/jquery-ui-1.9.2.custom.min.js&scripts[]=jquery/jquery.sprintf.js&scripts[]=jquery/jquery.cookie.js&scripts[]=jquery/jquery.mousewheel.js&scripts[]=jquery/jquery.event.drag-2.2.js&scripts[]=jquery/jquery-ui-timepicker-addon.js&scripts[]=jquery/jquery.ba-hashchange-1.3.js&scripts[]=jquery/jquery.debounce-1.0.5.js&scripts[]=jquery/jquery.menuResizer-1.0.js&scripts[]=cross_framing_protection.js&scripts[]=rte.js&scripts[]=tracekit/tracekit.js&scripts[]=error_report.js&scripts[]=doclinks.js&scripts[]=functions.js&scripts[]=navigation.js&scripts[]=indexes.js&scripts[]=common.js&scripts[]=db_structure.js&scripts[]=tbl_change.js&scripts[]=codemirror/lib/codemirror.js&scripts[]=codemirror/mode/sql/sql.js&scripts[]=codemirror/addon/runmode/runmode.js HTTP/1.1" 200 1075547
::1 - - [14/Jul/2016:12:10:35 -0700] "GET /phpmyadmin/js/messages.php?lang=zh_CN&db=ibeehub&token=2e2082c0ae5b2af2215dd05160d99bbe HTTP/1.1" 200 17263
::1 - - [14/Jul/2016:12:10:36 -0700] "GET /phpmyadmin/favicon.ico HTTP/1.1" 200 18902
::1 - - [14/Jul/2016:12:10:36 -0700] "GET /phpmyadmin/navigation.php?ajax_request=1&token=2e2082c0ae5b2af2215dd05160d99bbe&aPath=cm9vdA%3D%3D.aWJlZWh1Yg%3D%3D&vPath=cm9vdA%3D%3D.aWJlZWh1Yg%3D%3D&pos=0&pos2_name=&pos2_value=&searchClause=&searchClause2=&_nocache=1468523436123910653 HTTP/1.1" 200 97
::1 - - [14/Jul/2016:12:10:39 -0700] "GET /phpmyadmin/db_triggers.php?db=ibeehub&token=2e2082c0ae5b2af2215dd05160d99bbe&ajax_request=true&ajax_page_request=true&menuHashes=7c772ac2&_nocache=1468523439420842641 HTTP/1.1" 200 6840
::1 - - [14/Jul/2016:12:10:40 -0700] "GET /phpmyadmin/db_events.php?db=ibeehub&token=2e2082c0ae5b2af2215dd05160d99bbe&ajax_request=true&ajax_page_request=true&menuHashes=7c772ac2-b80d2227&_nocache=1468523440536162720 HTTP/1.1" 200 8366
::1 - - [14/Jul/2016:12:10:41 -0700] "GET /phpmyadmin/db_routines.php?db=ibeehub&token=2e2082c0ae5b2af2215dd05160d99bbe&ajax_request=true&ajax_page_request=true&menuHashes=7c772ac2-b80d2227-dde1b80e&_nocache=1468523441270312532 HTTP/1.1" 200 6815
::1 - - [14/Jul/2016:12:10:41 -0700] "GET /phpmyadmin/server_privileges.php?db=ibeehub&token=2e2082c0ae5b2af2215dd05160d99bbe&checkprivsdb=ibeehub&viewing_mode=db&ajax_request=true&ajax_page_request=true&menuHashes=7c772ac2-b80d2227-dde1b80e-dec1d791&_nocache=1468523441758674177 HTTP/1.1" 200 7952
::1 - - [14/Jul/2016:12:10:42 -0700] "GET /phpmyadmin/db_import.php?db=ibeehub&token=2e2082c0ae5b2af2215dd05160d99bbe&ajax_request=true&ajax_page_request=true&menuHashes=7c772ac2-b80d2227-dde1b80e-dec1d791-509ab702&_nocache=1468523442150787724 HTTP/1.1" 200 16396
::1 - - [14/Jul/2016:12:10:42 -0700] "GET /phpmyadmin/server_privileges.php?db=ibeehub&token=2e2082c0ae5b2af2215dd05160d99bbe&checkprivsdb=ibeehub&viewing_mode=db&ajax_request=true&ajax_page_request=true&menuHashes=7c772ac2-b80d2227-dde1b80e-dec1d791-509ab702-3eec1335&_nocache=1468523442698229463 HTTP/1.1" 200 4686
::1 - - [14/Jul/2016:12:10:45 -0700] "GET /phpmyadmin/server_privileges.php?username=root&hostname=127.0.0.1&dbname=&tablename=&token=2e2082c0ae5b2af2215dd05160d99bbe&ajax_request=true&edit_user_dialog=true&_nocache=1468523445794659285 HTTP/1.1" 200 23900
::1 - - [14/Jul/2016:12:10:51 -0700] "GET /phpmyadmin/ HTTP/1.1" 200 46539
::1 - - [14/Jul/2016:12:10:51 -0700] "GET /phpmyadmin/index.php?db=&table=&server=1&target=&lang=en&collation_connection=utf8mb4_general_ci&token=2e2082c0ae5b2af2215dd05160d99bbe HTTP/1.1" 200 45994
::1 - - [14/Jul/2016:12:10:51 -0700] "GET /phpmyadmin/version_check.php?&_nocache=1468523451978502830 HTTP/1.1" 200 39
::1 - - [14/Jul/2016:12:10:56 -0700] "GET /phpmyadmin/index.php?db=&table=&token=2e2082c0ae5b2af2215dd05160d99bbe&lang=zh_CN HTTP/1.1" 200 46539
::1 - - [14/Jul/2016:12:10:57 -0700] "GET /phpmyadmin/phpmyadmin.css.php?server=1&token=2e2082c0ae5b2af2215dd05160d99bbe&nocache=5734965419ltr HTTP/1.1" 200 93053
::1 - - [14/Jul/2016:12:10:57 -0700] "GET /phpmyadmin/version_check.php?&_nocache=1468523457441564255 HTTP/1.1" 200 39
::1 - - [14/Jul/2016:12:10:58 -0700] "GET /phpmyadmin/db_structure.php?server=1&db=ibeehub&token=2e2082c0ae5b2af2215dd05160d99bbe&ajax_request=true&ajax_page_request=true&menuHashes=28cc2b53&_nocache=1468523458001571245 HTTP/1.1" 200 5869
::1 - - [14/Jul/2016:12:10:58 -0700] "GET /phpmyadmin/navigation.php?ajax_request=1&token=2e2082c0ae5b2af2215dd05160d99bbe&aPath=cm9vdA%3D%3D.aWJlZWh1Yg%3D%3D&vPath=cm9vdA%3D%3D.aWJlZWh1Yg%3D%3D&pos=0&pos2_name=&pos2_value=&searchClause=&searchClause2=&_nocache=1468523458243114153 HTTP/1.1" 200 97
::1 - - [14/Jul/2016:12:10:59 -0700] "GET /phpmyadmin/server_privileges.php?db=ibeehub&token=2e2082c0ae5b2af2215dd05160d99bbe&checkprivsdb=ibeehub&viewing_mode=db&ajax_request=true&ajax_page_request=true&menuHashes=28cc2b53-7c772ac2&_nocache=1468523459945493749 HTTP/1.1" 200 7952
::1 - - [14/Jul/2016:12:11:18 -0700] "POST /iBeeHub/wp-admin/setup-config.php?step=2 HTTP/1.1" 500 4094
::1 - - [14/Jul/2016:12:11:29 -0700] "POST /iBeeHub/wp-admin/setup-config.php?step=2 HTTP/1.1" 200 1626
::1 - - [14/Jul/2016:12:11:32 -0700] "GET /iBeeHub/wp-admin/install.php?language=zh_CN HTTP/1.1" 200 6248
::1 - - [14/Jul/2016:12:11:33 -0700] "GET /iBeeHub/wp-includes/js/zxcvbn-async.min.js?ver=1.0 HTTP/1.1" 200 324
::1 - - [14/Jul/2016:12:11:33 -0700] "GET /iBeeHub/wp-admin/js/password-strength-meter.min.js?ver=4.5.3 HTTP/1.1" 200 737
::1 - - [14/Jul/2016:12:11:33 -0700] "GET /iBeeHub/wp-includes/css/dashicons.min.css?ver=4.5.3 HTTP/1.1" 200 46364
::1 - - [14/Jul/2016:12:11:33 -0700] "GET /iBeeHub/wp-includes/js/wp-util.min.js?ver=4.5.3 HTTP/1.1" 200 1053
::1 - - [14/Jul/2016:12:11:33 -0700] "GET /iBeeHub/wp-includes/js/underscore.min.js?ver=1.8.3 HTTP/1.1" 200 16410
::1 - - [14/Jul/2016:12:11:33 -0700] "GET /iBeeHub/wp-admin/js/user-profile.min.js?ver=4.5.3 HTTP/1.1" 200 6027
::1 - - [14/Jul/2016:12:11:33 -0700] "GET /iBeeHub/wp-includes/js/zxcvbn.min.js HTTP/1.1" 200 698728
::1 - - [14/Jul/2016:12:11:51 -0700] "-" 408 -
::1 - - [14/Jul/2016:12:11:51 -0700] "-" 408 -
::1 - - [14/Jul/2016:12:11:51 -0700] "-" 408 -
::1 - - [14/Jul/2016:12:14:19 -0700] "GET /iBeeHub/2016/07/15/hello-world/ HTTP/1.0" 404 313
::1 - - [14/Jul/2016:12:14:19 -0700] "GET /iBeeHub/index.php/2016/07/15/hello-world/ HTTP/1.0" 200 14475
::1 - - [14/Jul/2016:12:14:08 -0700] "POST /iBeeHub/wp-admin/install.php?step=2 HTTP/1.1" 200 3355
::1 - - [14/Jul/2016:12:14:48 -0700] "GET /iBeeHub/wp-login.php HTTP/1.1" 200 2374
::1 - - [14/Jul/2016:12:14:49 -0700] "GET /iBeeHub/wp-admin/load-styles.php?c=0&dir=ltr&load%5B%5D=dashicons,buttons,forms,l10n,login&ver=4.5.3 HTTP/1.1" 200 99447
::1 - - [14/Jul/2016:12:14:48 -0700] "POST /iBeeHub/wp-cron.php?doing_wp_cron=1468523688.2761170864105224609375 HTTP/1.0" 200 -
::1 - - [14/Jul/2016:12:14:59 -0700] "POST /iBeeHub/wp-login.php HTTP/1.1" 302 -
::1 - - [14/Jul/2016:12:15:00 -0700] "GET /iBeeHub/wp-includes/js/thickbox/thickbox.css?ver=4.5.3 HTTP/1.1" 200 2455
::1 - - [14/Jul/2016:12:15:00 -0700] "GET /iBeeHub/wp-admin/load-scripts.php?c=0&load%5B%5D=jquery-core,jquery-migrate,utils&ver=4.5.3 HTTP/1.1" 200 109068
::1 - - [14/Jul/2016:12:15:00 -0700] "GET /iBeeHub/wp-admin/load-styles.php?c=0&dir=ltr&load%5B%5D=dashicons,admin-bar,common,forms,admin-menu,dashboard,list-tables,edit,revisions,media,themes,about,nav-menus,widgets,site-icon,&load%5B%5D=l10n,buttons,wp-auth-check&ver=4.5.3 HTTP/1.1" 200 317627
::1 - - [14/Jul/2016:12:15:00 -0700] "GET /iBeeHub/wp-includes/js/wp-emoji-release.min.js?ver=4.5.3 HTTP/1.1" 200 9802
::1 - - [14/Jul/2016:12:15:00 -0700] "GET /iBeeHub/wp-includes/css/editor.min.css?ver=4.5.3 HTTP/1.1" 200 27706
::1 - - [14/Jul/2016:12:14:59 -0700] "GET /iBeeHub/wp-admin/ HTTP/1.1" 200 48659
::1 - - [14/Jul/2016:12:15:01 -0700] "GET /iBeeHub/wp-admin/load-scripts.php?c=0&load%5B%5D=hoverIntent,common,admin-bar,wp-ajax-response,jquery-color,wp-lists,quicktags,jquery-query,admin-comments,jquery-ui-core,jquery-&load%5B%5D=ui-widget,jquery-ui-mouse,jquery-ui-sortable,postbox,dashboard,underscore,customize-base,customize-loader,thickbox,plugin-instal&load%5B%5D=l,shortcode,media-upload,svg-painter,heartbeat,wp-auth-check,wp-a11y,wplink,jquery-ui-position,jquery-ui-menu,jquery-ui-autocomp&load%5B%5D=lete&ver=4.5.3 HTTP/1.1" 200 209883
::1 - - [14/Jul/2016:12:15:01 -0700] "GET /iBeeHub/wp-includes/js/thickbox/loadingAnimation.gif HTTP/1.1" 200 15238
::1 - - [14/Jul/2016:12:15:01 -0700] "POST /iBeeHub/wp-cron.php?doing_wp_cron=1468523701.5030798912048339843750 HTTP/1.0" 200 -
::1 - - [14/Jul/2016:12:15:01 -0700] "GET /iBeeHub/wp-admin/admin-ajax.php?action=wp-compression-test&test=1&_ajax_nonce=3f9408ba8d&1468523701118 HTTP/1.1" 200 1114
::1 - - [14/Jul/2016:12:15:02 -0700] "GET /iBeeHub/wp-admin/admin-ajax.php?action=wp-compression-test&test=2&_ajax_nonce=3f9408ba8d&1468523702011 HTTP/1.1" 200 572
::1 - - [14/Jul/2016:12:15:02 -0700] "GET /iBeeHub/wp-admin/admin-ajax.php?action=wp-compression-test&test=yes&_ajax_nonce=3f9408ba8d&1468523702956 HTTP/1.1" 200 1
::1 - - [14/Jul/2016:12:15:01 -0700] "GET /iBeeHub/wp-admin/admin-ajax.php?action=dashboard-widgets&widget=dashboard_primary&pagenow=dashboard HTTP/1.1" 200 1278
::1 - - [14/Jul/2016:12:16:01 -0700] "POST /iBeeHub/wp-admin/admin-ajax.php HTTP/1.1" 200 47
::1 - - [14/Jul/2016:12:17:13 -0700] "POST /iBeeHub/wp-admin/admin-ajax.php HTTP/1.1" 200 47
::1 - - [14/Jul/2016:12:17:16 -0700] "GET /iBeeHub/wp-includes/css/admin-bar.min.css?ver=4.5.3 HTTP/1.1" 200 19934
::1 - - [14/Jul/2016:12:17:16 -0700] "GET /iBeeHub/wp-content/themes/twentysixteen/genericons/genericons.css?ver=3.4.1 HTTP/1.1" 200 28266
::1 - - [14/Jul/2016:12:17:16 -0700] "GET /iBeeHub/wp-content/themes/twentysixteen/style.css?ver=4.5.3 HTTP/1.1" 200 68939
::1 - - [14/Jul/2016:12:17:16 -0700] "GET /iBeeHub/ HTTP/1.1" 200 17786
::1 - - [14/Jul/2016:12:17:16 -0700] "GET /iBeeHub/wp-includes/js/admin-bar.min.js?ver=4.5.3 HTTP/1.1" 200 7190
::1 - - [14/Jul/2016:12:17:16 -0700] "GET /iBeeHub/wp-content/themes/twentysixteen/js/functions.js?ver=20160412 HTTP/1.1" 200 6820
::1 - - [14/Jul/2016:12:17:16 -0700] "GET /iBeeHub/wp-content/themes/twentysixteen/js/skip-link-focus-fix.js?ver=20160412 HTTP/1.1" 200 1059
::1 - - [14/Jul/2016:12:17:16 -0700] "GET /iBeeHub/wp-includes/js/wp-embed.min.js?ver=4.5.3 HTTP/1.1" 200 1403
::1 - - [14/Jul/2016:12:18:11 -0700] "GET /iBeeHub/ HTTP/1.1" 404 290
::1 - - [14/Jul/2016:12:18:11 -0700] "GET /favicon.ico HTTP/1.1" 200 202575
::1 - - [14/Jul/2016:12:18:46 -0700] "GET /phpmyadmin/index.php?db=&table=&token=2e2082c0ae5b2af2215dd05160d99bbe&lang=zh_CN HTTP/1.1" 200 46539
::1 - - [14/Jul/2016:12:18:46 -0700] "GET /phpmyadmin/phpmyadmin.css.php?server=1&token=2e2082c0ae5b2af2215dd05160d99bbe&nocache=5734965425ltr HTTP/1.1" 200 93053
::1 - - [14/Jul/2016:12:18:46 -0700] "GET /phpmyadmin/themes/pmahomme/jquery/jquery-ui-1.9.2.custom.css HTTP/1.1" 304 -
::1 - - [14/Jul/2016:12:18:46 -0700] "GET /phpmyadmin/js/get_scripts.js.php?token=2e2082c0ae5b2af2215dd05160d99bbe&scripts[]=jquery/jquery-1.8.3.min.js&scripts[]=ajax.js&scripts[]=keyhandler.js&scripts[]=jquery/jquery-ui-1.9.2.custom.min.js&scripts[]=jquery/jquery.sprintf.js&scripts[]=jquery/jquery.cookie.js&scripts[]=jquery/jquery.mousewheel.js&scripts[]=jquery/jquery.event.drag-2.2.js&scripts[]=jquery/jquery-ui-timepicker-addon.js&scripts[]=jquery/jquery.ba-hashchange-1.3.js&scripts[]=jquery/jquery.debounce-1.0.5.js&scripts[]=jquery/jquery.menuResizer-1.0.js&scripts[]=cross_framing_protection.js&scripts[]=rte.js&scripts[]=tracekit/tracekit.js&scripts[]=error_report.js&scripts[]=doclinks.js&scripts[]=functions.js&scripts[]=navigation.js&scripts[]=indexes.js&scripts[]=common.js&scripts[]=codemirror/lib/codemirror.js&scripts[]=codemirror/mode/sql/sql.js&scripts[]=codemirror/addon/runmode/runmode.js HTTP/1.1" 200 1039434
::1 - - [14/Jul/2016:12:18:46 -0700] "GET /phpmyadmin/server_privileges.php?db=&table=&server=1&target=&viewing_mode=db&checkprivsdb=ibeehub&token=2e2082c0ae5b2af2215dd05160d99bbe HTTP/1.1" 200 16796
::1 - - [14/Jul/2016:12:18:47 -0700] "GET /phpmyadmin/js/get_scripts.js.php?token=2e2082c0ae5b2af2215dd05160d99bbe&scripts[]=jquery/jquery-1.8.3.min.js&scripts[]=ajax.js&scripts[]=keyhandler.js&scripts[]=jquery/jquery-ui-1.9.2.custom.min.js&scripts[]=jquery/jquery.sprintf.js&scripts[]=jquery/jquery.cookie.js&scripts[]=jquery/jquery.mousewheel.js&scripts[]=jquery/jquery.event.drag-2.2.js&scripts[]=jquery/jquery-ui-timepicker-addon.js&scripts[]=jquery/jquery.ba-hashchange-1.3.js&scripts[]=jquery/jquery.debounce-1.0.5.js&scripts[]=jquery/jquery.menuResizer-1.0.js&scripts[]=cross_framing_protection.js&scripts[]=rte.js&scripts[]=tracekit/tracekit.js&scripts[]=error_report.js&scripts[]=doclinks.js&scripts[]=functions.js&scripts[]=navigation.js&scripts[]=indexes.js&scripts[]=common.js&scripts[]=server_privileges.js&scripts[]=codemirror/lib/codemirror.js&scripts[]=codemirror/mode/sql/sql.js&scripts[]=codemirror/addon/runmode/runmode.js HTTP/1.1" 200 1065989
::1 - - [14/Jul/2016:12:18:47 -0700] "GET /phpmyadmin/favicon.ico HTTP/1.1" 200 18902
::1 - - [14/Jul/2016:12:18:47 -0700] "GET /phpmyadmin/db_structure.php?server=1&db=ibeehub&token=2e2082c0ae5b2af2215dd05160d99bbe&ajax_request=true&ajax_page_request=true&menuHashes=92689f4f&_nocache=1468523927815218668 HTTP/1.1" 200 46390
::1 - - [14/Jul/2016:12:18:48 -0700] "GET /phpmyadmin/navigation.php?ajax_request=1&token=2e2082c0ae5b2af2215dd05160d99bbe&aPath=cm9vdA%3D%3D.aWJlZWh1Yg%3D%3D&vPath=cm9vdA%3D%3D.aWJlZWh1Yg%3D%3D&pos=0&pos2_name=&pos2_value=&searchClause=&searchClause2=&_nocache=146852392818197329 HTTP/1.1" 200 11003
::1 - - [14/Jul/2016:12:19:00 -0700] "GET /phpmyadmin/db_sql.php?db=ibeehub&token=2e2082c0ae5b2af2215dd05160d99bbe&ajax_request=true&ajax_page_request=true&menuHashes=92689f4f-7c772ac2&_nocache=1468523940902146068 HTTP/1.1" 200 7489
::1 - - [14/Jul/2016:12:19:01 -0700] "GET /phpmyadmin/db_structure.php?db=ibeehub&token=2e2082c0ae5b2af2215dd05160d99bbe&ajax_request=true&ajax_page_request=true&menuHashes=92689f4f-7c772ac2-294b129f&_nocache=1468523941982465607 HTTP/1.1" 200 43122
::1 - - [14/Jul/2016:12:20:16 -0700] "GET / HTTP/1.1" 200 4831
::1 - - [14/Jul/2016:12:20:16 -0700] "GET /index.php?img=gifLogo HTTP/1.1" 200 4549
::1 - - [14/Jul/2016:12:20:16 -0700] "GET /index.php?img=pngPlugin HTTP/1.1" 200 548
::1 - - [14/Jul/2016:12:20:16 -0700] "GET /index.php?img=pngFolder HTTP/1.1" 200 850
::1 - - [14/Jul/2016:12:20:16 -0700] "GET /index.php?img=pngWrench HTTP/1.1" 200 741
::1 - - [14/Jul/2016:12:20:16 -0700] "GET /index.php?img=pngFolderGo HTTP/1.1" 200 694
::1 - - [14/Jul/2016:12:20:54 -0700] "GET /ibeehub HTTP/1.1" 404 289
::1 - - [14/Jul/2016:12:21:34 -0700] "GET /ibeehub HTTP/1.1" 301 317
::1 - - [14/Jul/2016:12:21:34 -0700] "GET /ibeehub/ HTTP/1.1" 302 -
::1 - - [14/Jul/2016:12:21:34 -0700] "GET /ibeehub/wp-admin/setup-config.php HTTP/1.1" 200 2466
::1 - - [14/Jul/2016:12:21:35 -0700] "GET /ibeehub/wp-includes/css/buttons.min.css?ver=4.5.3 HTTP/1.1" 200 6361
::1 - - [14/Jul/2016:12:21:35 -0700] "GET /ibeehub/wp-admin/css/install.min.css?ver=4.5.3 HTTP/1.1" 200 5806
::1 - - [14/Jul/2016:12:21:35 -0700] "GET /ibeehub/wp-includes/js/jquery/jquery.js?ver=1.12.4 HTTP/1.1" 200 97184
::1 - - [14/Jul/2016:12:21:35 -0700] "GET /ibeehub/wp-includes/js/jquery/jquery-migrate.min.js?ver=1.4.1 HTTP/1.1" 200 10056
::1 - - [14/Jul/2016:12:21:35 -0700] "GET /ibeehub/wp-admin/js/language-chooser.min.js?ver=4.5.3 HTTP/1.1" 200 374
::1 - - [14/Jul/2016:12:21:35 -0700] "GET /ibeehub/wp-admin/images/wordpress-logo.svg?ver=20131107 HTTP/1.1" 200 1521
::1 - - [14/Jul/2016:12:21:36 -0700] "GET /ibeehub/wp-admin/setup-config.php?step=1&language=zh_CN HTTP/1.1" 200 2909
::1 - - [14/Jul/2016:12:21:54 -0700] "POST /ibeehub/wp-admin/setup-config.php?step=2 HTTP/1.1" 200 1626
::1 - - [14/Jul/2016:12:21:56 -0700] "GET /ibeehub/wp-admin/install.php?language=zh_CN HTTP/1.1" 200 1341
::1 - - [14/Jul/2016:12:22:05 -0700] "GET /iBeeHub/wp-login.php HTTP/1.1" 200 2374
::1 - - [14/Jul/2016:12:22:05 -0700] "GET /iBeeHub/wp-admin/load-styles.php?c=1&dir=ltr&load%5B%5D=dashicons,buttons,forms,l10n,login&ver=4.5.3 HTTP/1.1" 200 38435
::1 - - [14/Jul/2016:12:22:15 -0700] "POST /iBeeHub/wp-login.php HTTP/1.1" 302 -
::1 - - [14/Jul/2016:12:22:16 -0700] "GET /iBeeHub/wp-admin/load-scripts.php?c=1&load%5B%5D=jquery-core,jquery-migrate,utils&ver=4.5.3 HTTP/1.1" 200 41523
::1 - - [14/Jul/2016:12:22:16 -0700] "GET /iBeeHub/wp-admin/load-styles.php?c=1&dir=ltr&load%5B%5D=dashicons,admin-bar,common,forms,admin-menu,dashboard,list-tables,edit,revisions,media,themes,about,nav-menus,widgets,site-icon,&load%5B%5D=l10n,buttons,wp-auth-check&ver=4.5.3 HTTP/1.1" 200 90176
::1 - - [14/Jul/2016:12:22:15 -0700] "GET /iBeeHub/wp-admin/ HTTP/1.1" 200 48685
::1 - - [14/Jul/2016:12:22:16 -0700] "GET /iBeeHub/wp-admin/load-scripts.php?c=1&load%5B%5D=hoverIntent,common,admin-bar,wp-ajax-response,jquery-color,wp-lists,quicktags,jquery-query,admin-comments,jquery-ui-core,jquery-&load%5B%5D=ui-widget,jquery-ui-mouse,jquery-ui-sortable,postbox,dashboard,underscore,customize-base,customize-loader,thickbox,plugin-instal&load%5B%5D=l,shortcode,media-upload,svg-painter,heartbeat,wp-auth-check,wp-a11y,wplink,jquery-ui-position,jquery-ui-menu,jquery-ui-autocomp&load%5B%5D=lete&ver=4.5.3 HTTP/1.1" 200 70584
::1 - - [14/Jul/2016:12:22:21 -0700] "GET /iBeeHub/ HTTP/1.1" 200 17786
